
/home/runner/work/exp-encryption-twofish-au/exp-encryption-twofish-au/experiment/simulation/static/js/787.847fecfe.chunk.js
  1:610   warning  Empty block statement  no-empty
  1:4344  warning  Empty block statement  no-empty

/home/runner/work/exp-encryption-twofish-au/exp-encryption-twofish-au/experiment/simulation/static/js/main.332069fd.js
  2:659     warning  Unexpected combined character in character class                           no-misleading-character-class
  2:2548    warning  Unnecessary escape character: \-                                           no-useless-escape
  2:2630    warning  Do not access Object.prototype method 'hasOwnProperty' from target object  no-prototype-builtins
  2:7168    warning  Expected a conditional expression and instead saw an assignment            no-cond-assign
  2:8158    warning  Empty block statement                                                      no-empty
  2:9363    warning  Do not access Object.prototype method 'hasOwnProperty' from target object  no-prototype-builtins
  2:10823   warning  Do not access Object.prototype method 'hasOwnProperty' from target object  no-prototype-builtins
  2:10864   warning  Do not access Object.prototype method 'hasOwnProperty' from target object  no-prototype-builtins
  2:11029   warning  Do not access Object.prototype method 'hasOwnProperty' from target object  no-prototype-builtins
  2:11056   warning  Do not access Object.prototype method 'hasOwnProperty' from target object  no-prototype-builtins
  2:11644   warning  Do not access Object.prototype method 'hasOwnProperty' from target object  no-prototype-builtins
  2:13278   warning  'MSApp' is not defined                                                     no-undef
  2:13321   warning  'n' is defined but never used                                              no-unused-vars
  2:13323   warning  'a' is defined but never used                                              no-unused-vars
  2:13326   warning  'MSApp' is not defined                                                     no-undef
  2:14291   warning  Do not access Object.prototype method 'hasOwnProperty' from target object  no-prototype-builtins
  2:14384   warning  Do not access Object.prototype method 'hasOwnProperty' from target object  no-prototype-builtins
  2:15591   warning  Expected a conditional expression and instead saw an assignment            no-cond-assign
  2:16613   warning  Expected to return a value in method 'get'                                 getter-return
  2:16750   warning  'a' is defined but never used                                              no-unused-vars
  2:16752   warning  'r' is defined but never used                                              no-unused-vars
  2:16754   warning  'i' is defined but never used                                              no-unused-vars
  2:16756   warning  'o' is defined but never used                                              no-unused-vars
  2:16758   warning  's' is defined but never used                                              no-unused-vars
  2:16760   warning  'l' is defined but never used                                              no-unused-vars
  2:16933   warning  'e' is defined but never used                                              no-unused-vars
  2:16935   warning  't' is defined but never used                                              no-unused-vars
  2:16937   warning  'n' is defined but never used                                              no-unused-vars
  2:16939   warning  'a' is defined but never used                                              no-unused-vars
  2:16941   warning  'r' is defined but never used                                              no-unused-vars
  2:16943   warning  'i' is defined but never used                                              no-unused-vars
  2:16945   warning  'o' is defined but never used                                              no-unused-vars
  2:16947   warning  's' is defined but never used                                              no-unused-vars
  2:16949   warning  'l' is defined but never used                                              no-unused-vars
  2:25828   warning  Do not access Object.prototype method 'hasOwnProperty' from target object  no-prototype-builtins
  2:26148   warning  Invalid typeof comparison value                                            valid-typeof
  2:26322   warning  Invalid typeof comparison value                                            valid-typeof
  2:33126   warning  Expected a conditional expression and instead saw an assignment            no-cond-assign
  2:34344   warning  Do not access Object.prototype method 'hasOwnProperty' from target object  no-prototype-builtins
  2:36844   warning  'e' is defined but never used                                              no-unused-vars
  2:36846   warning  't' is defined but never used                                              no-unused-vars
  2:36848   warning  'n' is defined but never used                                              no-unused-vars
  2:36850   warning  'a' is defined but never used                                              no-unused-vars
  2:36852   warning  'r' is defined but never used                                              no-unused-vars
  2:36854   warning  'o' is defined but never used                                              no-unused-vars
  2:36856   warning  's' is defined but never used                                              no-unused-vars
  2:36858   warning  'l' is defined but never used                                              no-unused-vars
  2:36860   warning  'u' is defined but never used                                              no-unused-vars
  2:38801   warning  Expected a 'break' statement before 'case'                                 no-fallthrough
  2:38988   warning  Expected a 'break' statement before 'case'                                 no-fallthrough
  2:40099   warning  Expected a conditional expression and instead saw an assignment            no-cond-assign
  2:40173   warning  Expected a conditional expression and instead saw an assignment            no-cond-assign
  2:41526   warning  Expected a 'break' statement before 'case'                                 no-fallthrough
  2:43498   warning  Unexpected control character(s) in regular expression: \x00                no-control-regex
  2:45104   warning  Expected a conditional expression and instead saw an assignment            no-cond-assign
  2:45204   warning  Expected a conditional expression and instead saw an assignment            no-cond-assign
  2:52603   warning  Expected a 'break' statement before 'case'                                 no-fallthrough
  2:54570   warning  Expected a conditional expression and instead saw an assignment            no-cond-assign
  2:56021   warning  Expected a conditional expression and instead saw an assignment            no-cond-assign
  2:61853   warning  Expected a conditional expression and instead saw an assignment            no-cond-assign
  2:68464   warning  Empty block statement                                                      no-empty
  2:75651   warning  Expected a conditional expression and instead saw an assignment            no-cond-assign
  2:76781   warning  Expected a conditional expression and instead saw an assignment            no-cond-assign
  2:79538   warning  Expected a conditional expression and instead saw an assignment            no-cond-assign
  2:85153   warning  Do not access Object.prototype method 'hasOwnProperty' from target object  no-prototype-builtins
  2:85433   warning  Do not access Object.prototype method 'hasOwnProperty' from target object  no-prototype-builtins
  2:85878   warning  Unnecessary escape character: \/                                           no-useless-escape
  2:86746   warning  Do not access Object.prototype method 'hasOwnProperty' from target object  no-prototype-builtins
  2:87054   warning  Do not access Object.prototype method 'hasOwnProperty' from target object  no-prototype-builtins
  2:92047   warning  Do not access Object.prototype method 'hasOwnProperty' from target object  no-prototype-builtins
  2:92068   warning  Do not access Object.prototype method 'hasOwnProperty' from target object  no-prototype-builtins
  2:92138   warning  Do not access Object.prototype method 'hasOwnProperty' from target object  no-prototype-builtins
  2:92318   warning  Do not access Object.prototype method 'hasOwnProperty' from target object  no-prototype-builtins
  2:92420   warning  Do not access Object.prototype method 'hasOwnProperty' from target object  no-prototype-builtins
  2:92500   warning  Do not access Object.prototype method 'hasOwnProperty' from target object  no-prototype-builtins
  2:92524   warning  Do not access Object.prototype method 'hasOwnProperty' from target object  no-prototype-builtins
  2:92576   warning  Do not access Object.prototype method 'hasOwnProperty' from target object  no-prototype-builtins
  2:92931   warning  Do not access Object.prototype method 'hasOwnProperty' from target object  no-prototype-builtins
  2:95338   warning  Empty block statement                                                      no-empty
  2:95373   warning  Expected a 'break' statement before 'case'                                 no-fallthrough
  2:99445   warning  Do not access Object.prototype method 'hasOwnProperty' from target object  no-prototype-builtins
  2:99972   warning  Expected a 'break' statement before 'case'                                 no-fallthrough
  2:112478  warning  Empty block statement                                                      no-empty
  2:114180  warning  Empty block statement                                                      no-empty
  2:124659  warning  Expected a conditional expression and instead saw an assignment            no-cond-assign
  2:126404  warning  'Le' is a function                                                         no-func-assign
  2:126410  warning  'Ee' is a function                                                         no-func-assign
  2:127357  warning  '__REACT_DEVTOOLS_GLOBAL_HOOK__' is not defined                            no-undef
  2:127460  warning  Empty block statement                                                      no-empty
  2:129801  warning  '__REACT_DEVTOOLS_GLOBAL_HOOK__' is not defined                            no-undef
  2:129845  warning  '__REACT_DEVTOOLS_GLOBAL_HOOK__' is not defined                            no-undef
  2:130317  warning  Do not access Object.prototype method 'hasOwnProperty' from target object  no-prototype-builtins
  2:131956  warning  Do not access Object.prototype method 'hasOwnProperty' from target object  no-prototype-builtins
  2:134984  warning  Do not access Object.prototype method 'hasOwnProperty' from target object  no-prototype-builtins
  2:137910  warning  'setImmediate' is not defined                                              no-undef
  2:141673  warning  'e' is defined but never used                                              no-unused-vars
  2:141769  warning  'o' is defined but never used                                              no-unused-vars
  2:143530  warning  's' is a function                                                          no-func-assign
  2:144007  warning  Empty block statement                                                      no-empty
  2:152134  warning  'U' is a function                                                          no-func-assign
  2:158090  warning  'e' is defined but never used                                              no-unused-vars
  2:158145  warning  'e' is defined but never used                                              no-unused-vars
  2:158200  warning  'e' is defined but never used                                              no-unused-vars
  2:158218  warning  'e' is defined but never used                                              no-unused-vars
  2:158374  warning  'e' is defined but never used                                              no-unused-vars
  2:159873  warning  've' is a function                                                         no-func-assign
  2:162107  warning  Empty block statement                                                      no-empty
  2:186726  warning  Unnecessary escape character: \.                                           no-useless-escape
  2:186748  warning  Unnecessary escape character: \.                                           no-useless-escape
  2:186759  warning  Unnecessary escape character: \,                                           no-useless-escape
  2:186761  warning  Unnecessary escape character: \/                                           no-useless-escape
  2:186771  warning  Unnecessary escape character: \.                                           no-useless-escape
  2:186824  warning  Unnecessary escape character: \.                                           no-useless-escape
  2:186846  warning  Unnecessary escape character: \.                                           no-useless-escape
  2:186857  warning  Unnecessary escape character: \,                                           no-useless-escape
  2:186859  warning  Unnecessary escape character: \/                                           no-useless-escape
  2:186869  warning  Unnecessary escape character: \.                                           no-useless-escape
  2:190161  warning  'require' is not defined                                                   no-undef
  2:190254  warning  Empty block statement                                                      no-empty
  2:194362  warning  'i' is assigned a value but never used                                     no-unused-vars
  2:205272  warning  Do not access Object.prototype method 'hasOwnProperty' from target object  no-prototype-builtins
  2:214858  warning  'a' is assigned a value but never used                                     no-unused-vars
  2:218812  warning  't' is assigned a value but never used                                     no-unused-vars
  2:218820  warning  'n' is assigned a value but never used                                     no-unused-vars
  2:218836  warning  'a' is assigned a value but never used                                     no-unused-vars
  2:218854  warning  'r' is assigned a value but never used                                     no-unused-vars
  2:218873  warning  'i' is assigned a value but never used                                     no-unused-vars
  2:218882  warning  'o' is assigned a value but never used                                     no-unused-vars
  2:218895  warning  's' is assigned a value but never used                                     no-unused-vars
  2:218909  warning  'l' is assigned a value but never used                                     no-unused-vars
  2:218916  warning  'u' is assigned a value but never used                                     no-unused-vars
  2:218926  warning  'c' is assigned a value but never used                                     no-unused-vars
  2:219618  warning  Unnecessary escape character: \-                                           no-useless-escape
  2:222874  warning  'r' is assigned a value but never used                                     no-unused-vars
  2:223098  warning  Do not access Object.prototype method 'hasOwnProperty' from target object  no-prototype-builtins
  2:226154  warning  'e' is assigned a value but never used                                     no-unused-vars
  2:226874  warning  Do not access Object.prototype method 'hasOwnProperty' from target object  no-prototype-builtins
  2:258600  warning  Redundant Boolean call                                                     no-extra-boolean-cast
  2:273058  warning  Unexpected comma in middle of array                                        no-sparse-arrays
  2:277953  warning  'e' is defined but never used                                              no-unused-vars
  2:277955  warning  't' is defined but never used                                              no-unused-vars
  2:279511  warning  'o' is assigned a value but never used                                     no-unused-vars

/home/runner/work/exp-encryption-twofish-au/exp-encryption-twofish-au/experiment/simulation/static/js/main.4b670489.js
  2:659     warning  Unexpected combined character in character class                           no-misleading-character-class
  2:2548    warning  Unnecessary escape character: \-                                           no-useless-escape
  2:2630    warning  Do not access Object.prototype method 'hasOwnProperty' from target object  no-prototype-builtins
  2:7168    warning  Expected a conditional expression and instead saw an assignment            no-cond-assign
  2:8158    warning  Empty block statement                                                      no-empty
  2:9363    warning  Do not access Object.prototype method 'hasOwnProperty' from target object  no-prototype-builtins
  2:10823   warning  Do not access Object.prototype method 'hasOwnProperty' from target object  no-prototype-builtins
  2:10864   warning  Do not access Object.prototype method 'hasOwnProperty' from target object  no-prototype-builtins
  2:11029   warning  Do not access Object.prototype method 'hasOwnProperty' from target object  no-prototype-builtins
  2:11056   warning  Do not access Object.prototype method 'hasOwnProperty' from target object  no-prototype-builtins
  2:11644   warning  Do not access Object.prototype method 'hasOwnProperty' from target object  no-prototype-builtins
  2:13278   warning  'MSApp' is not defined                                                     no-undef
  2:13321   warning  'n' is defined but never used                                              no-unused-vars
  2:13323   warning  'r' is defined but never used                                              no-unused-vars
  2:13326   warning  'MSApp' is not defined                                                     no-undef
  2:14291   warning  Do not access Object.prototype method 'hasOwnProperty' from target object  no-prototype-builtins
  2:14384   warning  Do not access Object.prototype method 'hasOwnProperty' from target object  no-prototype-builtins
  2:15591   warning  Expected a conditional expression and instead saw an assignment            no-cond-assign
  2:16613   warning  Expected to return a value in method 'get'                                 getter-return
  2:16750   warning  'r' is defined but never used                                              no-unused-vars
  2:16752   warning  'a' is defined but never used                                              no-unused-vars
  2:16754   warning  'i' is defined but never used                                              no-unused-vars
  2:16756   warning  'o' is defined but never used                                              no-unused-vars
  2:16758   warning  's' is defined but never used                                              no-unused-vars
  2:16760   warning  'l' is defined but never used                                              no-unused-vars
  2:16933   warning  'e' is defined but never used                                              no-unused-vars
  2:16935   warning  't' is defined but never used                                              no-unused-vars
  2:16937   warning  'n' is defined but never used                                              no-unused-vars
  2:16939   warning  'r' is defined but never used                                              no-unused-vars
  2:16941   warning  'a' is defined but never used                                              no-unused-vars
  2:16943   warning  'i' is defined but never used                                              no-unused-vars
  2:16945   warning  'o' is defined but never used                                              no-unused-vars
  2:16947   warning  's' is defined but never used                                              no-unused-vars
  2:16949   warning  'l' is defined but never used                                              no-unused-vars
  2:25828   warning  Do not access Object.prototype method 'hasOwnProperty' from target object  no-prototype-builtins
  2:26148   warning  Invalid typeof comparison value                                            valid-typeof
  2:26322   warning  Invalid typeof comparison value                                            valid-typeof
  2:33126   warning  Expected a conditional expression and instead saw an assignment            no-cond-assign
  2:34344   warning  Do not access Object.prototype method 'hasOwnProperty' from target object  no-prototype-builtins
  2:36844   warning  'e' is defined but never used                                              no-unused-vars
  2:36846   warning  't' is defined but never used                                              no-unused-vars
  2:36848   warning  'n' is defined but never used                                              no-unused-vars
  2:36850   warning  'r' is defined but never used                                              no-unused-vars
  2:36852   warning  'a' is defined but never used                                              no-unused-vars
  2:36854   warning  'o' is defined but never used                                              no-unused-vars
  2:36856   warning  's' is defined but never used                                              no-unused-vars
  2:36858   warning  'l' is defined but never used                                              no-unused-vars
  2:36860   warning  'u' is defined but never used                                              no-unused-vars
  2:38801   warning  Expected a 'break' statement before 'case'                                 no-fallthrough
  2:38988   warning  Expected a 'break' statement before 'case'                                 no-fallthrough
  2:40099   warning  Expected a conditional expression and instead saw an assignment            no-cond-assign
  2:40173   warning  Expected a conditional expression and instead saw an assignment            no-cond-assign
  2:41526   warning  Expected a 'break' statement before 'case'                                 no-fallthrough
  2:43498   warning  Unexpected control character(s) in regular expression: \x00                no-control-regex
  2:45104   warning  Expected a conditional expression and instead saw an assignment            no-cond-assign
  2:45204   warning  Expected a conditional expression and instead saw an assignment            no-cond-assign
  2:52603   warning  Expected a 'break' statement before 'case'                                 no-fallthrough
  2:54570   warning  Expected a conditional expression and instead saw an assignment            no-cond-assign
  2:56021   warning  Expected a conditional expression and instead saw an assignment            no-cond-assign
  2:61853   warning  Expected a conditional expression and instead saw an assignment            no-cond-assign
  2:68464   warning  Empty block statement                                                      no-empty
  2:75651   warning  Expected a conditional expression and instead saw an assignment            no-cond-assign
  2:76781   warning  Expected a conditional expression and instead saw an assignment            no-cond-assign
  2:79538   warning  Expected a conditional expression and instead saw an assignment            no-cond-assign
  2:85153   warning  Do not access Object.prototype method 'hasOwnProperty' from target object  no-prototype-builtins
  2:85433   warning  Do not access Object.prototype method 'hasOwnProperty' from target object  no-prototype-builtins
  2:85878   warning  Unnecessary escape character: \/                                           no-useless-escape
  2:86746   warning  Do not access Object.prototype method 'hasOwnProperty' from target object  no-prototype-builtins
  2:87054   warning  Do not access Object.prototype method 'hasOwnProperty' from target object  no-prototype-builtins
  2:92047   warning  Do not access Object.prototype method 'hasOwnProperty' from target object  no-prototype-builtins
  2:92068   warning  Do not access Object.prototype method 'hasOwnProperty' from target object  no-prototype-builtins
  2:92138   warning  Do not access Object.prototype method 'hasOwnProperty' from target object  no-prototype-builtins
  2:92318   warning  Do not access Object.prototype method 'hasOwnProperty' from target object  no-prototype-builtins
  2:92420   warning  Do not access Object.prototype method 'hasOwnProperty' from target object  no-prototype-builtins
  2:92500   warning  Do not access Object.prototype method 'hasOwnProperty' from target object  no-prototype-builtins
  2:92524   warning  Do not access Object.prototype method 'hasOwnProperty' from target object  no-prototype-builtins
  2:92576   warning  Do not access Object.prototype method 'hasOwnProperty' from target object  no-prototype-builtins
  2:92931   warning  Do not access Object.prototype method 'hasOwnProperty' from target object  no-prototype-builtins
  2:95338   warning  Empty block statement                                                      no-empty
  2:95373   warning  Expected a 'break' statement before 'case'                                 no-fallthrough
  2:99445   warning  Do not access Object.prototype method 'hasOwnProperty' from target object  no-prototype-builtins
  2:99972   warning  Expected a 'break' statement before 'case'                                 no-fallthrough
  2:112478  warning  Empty block statement                                                      no-empty
  2:114180  warning  Empty block statement                                                      no-empty
  2:124659  warning  Expected a conditional expression and instead saw an assignment            no-cond-assign
  2:126404  warning  'Ee' is a function                                                         no-func-assign
  2:126410  warning  'Pe' is a function                                                         no-func-assign
  2:127357  warning  '__REACT_DEVTOOLS_GLOBAL_HOOK__' is not defined                            no-undef
  2:127460  warning  Empty block statement                                                      no-empty
  2:129801  warning  '__REACT_DEVTOOLS_GLOBAL_HOOK__' is not defined                            no-undef
  2:129845  warning  '__REACT_DEVTOOLS_GLOBAL_HOOK__' is not defined                            no-undef
  2:130317  warning  Do not access Object.prototype method 'hasOwnProperty' from target object  no-prototype-builtins
  2:131956  warning  Do not access Object.prototype method 'hasOwnProperty' from target object  no-prototype-builtins
  2:134984  warning  Do not access Object.prototype method 'hasOwnProperty' from target object  no-prototype-builtins
  2:137910  warning  'setImmediate' is not defined                                              no-undef
  2:141673  warning  'e' is defined but never used                                              no-unused-vars
  2:141769  warning  'o' is defined but never used                                              no-unused-vars
  2:143530  warning  's' is a function                                                          no-func-assign
  2:144007  warning  Empty block statement                                                      no-empty
  2:152134  warning  '_' is a function                                                          no-func-assign
  2:158090  warning  'e' is defined but never used                                              no-unused-vars
  2:158145  warning  'e' is defined but never used                                              no-unused-vars
  2:158200  warning  'e' is defined but never used                                              no-unused-vars
  2:158218  warning  'e' is defined but never used                                              no-unused-vars
  2:158374  warning  'e' is defined but never used                                              no-unused-vars
  2:159873  warning  'ge' is a function                                                         no-func-assign
  2:162107  warning  Empty block statement                                                      no-empty
  2:186726  warning  Unnecessary escape character: \.                                           no-useless-escape
  2:186748  warning  Unnecessary escape character: \.                                           no-useless-escape
  2:186759  warning  Unnecessary escape character: \,                                           no-useless-escape
  2:186761  warning  Unnecessary escape character: \/                                           no-useless-escape
  2:186771  warning  Unnecessary escape character: \.                                           no-useless-escape
  2:186824  warning  Unnecessary escape character: \.                                           no-useless-escape
  2:186846  warning  Unnecessary escape character: \.                                           no-useless-escape
  2:186857  warning  Unnecessary escape character: \,                                           no-useless-escape
  2:186859  warning  Unnecessary escape character: \/                                           no-useless-escape
  2:186869  warning  Unnecessary escape character: \.                                           no-useless-escape
  2:190161  warning  'require' is not defined                                                   no-undef
  2:190254  warning  Empty block statement                                                      no-empty
  2:194362  warning  'i' is assigned a value but never used                                     no-unused-vars
  2:205272  warning  Do not access Object.prototype method 'hasOwnProperty' from target object  no-prototype-builtins
  2:214858  warning  'r' is assigned a value but never used                                     no-unused-vars
  2:218812  warning  't' is assigned a value but never used                                     no-unused-vars
  2:218820  warning  'n' is assigned a value but never used                                     no-unused-vars
  2:218836  warning  'r' is assigned a value but never used                                     no-unused-vars
  2:218854  warning  'a' is assigned a value but never used                                     no-unused-vars
  2:218873  warning  'i' is assigned a value but never used                                     no-unused-vars
  2:218882  warning  'o' is assigned a value but never used                                     no-unused-vars
  2:218895  warning  's' is assigned a value but never used                                     no-unused-vars
  2:218909  warning  'l' is assigned a value but never used                                     no-unused-vars
  2:218916  warning  'u' is assigned a value but never used                                     no-unused-vars
  2:218926  warning  'c' is assigned a value but never used                                     no-unused-vars
  2:219618  warning  Unnecessary escape character: \-                                           no-useless-escape
  2:222874  warning  'a' is assigned a value but never used                                     no-unused-vars
  2:223098  warning  Do not access Object.prototype method 'hasOwnProperty' from target object  no-prototype-builtins
  2:226154  warning  'e' is assigned a value but never used                                     no-unused-vars
  2:226874  warning  Do not access Object.prototype method 'hasOwnProperty' from target object  no-prototype-builtins
  2:258600  warning  Redundant Boolean call                                                     no-extra-boolean-cast
  2:273058  warning  Unexpected comma in middle of array                                        no-sparse-arrays
  2:277953  warning  'e' is defined but never used                                              no-unused-vars
  2:277955  warning  't' is defined but never used                                              no-unused-vars
  2:279511  warning  'o' is assigned a value but never used                                     no-unused-vars

/home/runner/work/exp-encryption-twofish-au/exp-encryption-twofish-au/experiment/simulation/static/js/main.d6482505.js
     40:13  warning  Unexpected combined character in character class                           no-misleading-character-class
     98:19  warning  Unnecessary escape character: \-                                           no-useless-escape
    103:21  warning  Do not access Object.prototype method 'hasOwnProperty' from target object  no-prototype-builtins
    317:19  warning  Expected a conditional expression and instead saw an assignment            no-cond-assign
    383:29  warning  Empty block statement                                                      no-empty
    469:20  warning  Do not access Object.prototype method 'hasOwnProperty' from target object  no-prototype-builtins
    562:14  warning  Do not access Object.prototype method 'hasOwnProperty' from target object  no-prototype-builtins
    564:17  warning  Do not access Object.prototype method 'hasOwnProperty' from target object  no-prototype-builtins
    571:17  warning  Do not access Object.prototype method 'hasOwnProperty' from target object  no-prototype-builtins
    571:46  warning  Do not access Object.prototype method 'hasOwnProperty' from target object  no-prototype-builtins
    600:23  warning  Do not access Object.prototype method 'hasOwnProperty' from target object  no-prototype-builtins
    692:45  warning  'MSApp' is not defined                                                     no-undef
    693:33  warning  'n' is defined but never used                                              no-unused-vars
    693:36  warning  'a' is defined but never used                                              no-unused-vars
    694:19  warning  'MSApp' is not defined                                                     no-undef
    759:21  warning  Do not access Object.prototype method 'hasOwnProperty' from target object  no-prototype-builtins
    765:19  warning  Do not access Object.prototype method 'hasOwnProperty' from target object  no-prototype-builtins
    915:15  warning  Expected to return a value in method 'get'                                 getter-return
    924:30  warning  'a' is defined but never used                                              no-unused-vars
    924:33  warning  'r' is defined but never used                                              no-unused-vars
    924:36  warning  'i' is defined but never used                                              no-unused-vars
    924:39  warning  'o' is defined but never used                                              no-unused-vars
    924:42  warning  's' is defined but never used                                              no-unused-vars
    924:45  warning  'l' is defined but never used                                              no-unused-vars
    941:21  warning  'e' is defined but never used                                              no-unused-vars
    941:24  warning  't' is defined but never used                                              no-unused-vars
    941:27  warning  'n' is defined but never used                                              no-unused-vars
    941:30  warning  'a' is defined but never used                                              no-unused-vars
    941:33  warning  'r' is defined but never used                                              no-unused-vars
    941:36  warning  'i' is defined but never used                                              no-unused-vars
    941:39  warning  'o' is defined but never used                                              no-unused-vars
    941:42  warning  's' is defined but never used                                              no-unused-vars
    941:45  warning  'l' is defined but never used                                              no-unused-vars
   1556:17  warning  Do not access Object.prototype method 'hasOwnProperty' from target object  no-prototype-builtins
   1577:23  warning  Invalid typeof comparison value                                            valid-typeof
   1586:23  warning  Invalid typeof comparison value                                            valid-typeof
   2125:19  warning  Do not access Object.prototype method 'hasOwnProperty' from target object  no-prototype-builtins
   2208:24  warning  'e' is defined but never used                                              no-unused-vars
   2208:27  warning  't' is defined but never used                                              no-unused-vars
   2208:30  warning  'n' is defined but never used                                              no-unused-vars
   2208:33  warning  'a' is defined but never used                                              no-unused-vars
   2208:36  warning  'r' is defined but never used                                              no-unused-vars
   2208:39  warning  'o' is defined but never used                                              no-unused-vars
   2208:42  warning  's' is defined but never used                                              no-unused-vars
   2208:45  warning  'l' is defined but never used                                              no-unused-vars
   2208:48  warning  'u' is defined but never used                                              no-unused-vars
   2338:19  warning  Expected a 'break' statement before 'case'                                 no-fallthrough
   2354:19  warning  Expected a 'break' statement before 'case'                                 no-fallthrough
   2443:26  warning  Expected a conditional expression and instead saw an assignment            no-cond-assign
   2449:31  warning  Expected a conditional expression and instead saw an assignment            no-cond-assign
   2542:17  warning  Expected a 'break' statement before 'case'                                 no-fallthrough
   2662:16  warning  Unexpected control character(s) in regular expression: \x00                no-control-regex
   3273:21  warning  Expected a 'break' statement before 'case'                                 no-fallthrough
   3397:23  warning  Expected a conditional expression and instead saw an assignment            no-cond-assign
   3836:20  warning  Expected a conditional expression and instead saw an assignment            no-cond-assign
   4293:27  warning  Empty block statement                                                      no-empty
   4752:20  warning  Expected a conditional expression and instead saw an assignment            no-cond-assign
   4799:18  warning  Expected a conditional expression and instead saw an assignment            no-cond-assign
   5309:27  warning  Do not access Object.prototype method 'hasOwnProperty' from target object  no-prototype-builtins
   5322:29  warning  Do not access Object.prototype method 'hasOwnProperty' from target object  no-prototype-builtins
   5347:39  warning  Unnecessary escape character: \/                                           no-useless-escape
   5404:29  warning  Do not access Object.prototype method 'hasOwnProperty' from target object  no-prototype-builtins
   5417:36  warning  Do not access Object.prototype method 'hasOwnProperty' from target object  no-prototype-builtins
   5748:24  warning  Do not access Object.prototype method 'hasOwnProperty' from target object  no-prototype-builtins
   5748:47  warning  Do not access Object.prototype method 'hasOwnProperty' from target object  no-prototype-builtins
   5752:25  warning  Do not access Object.prototype method 'hasOwnProperty' from target object  no-prototype-builtins
   5759:26  warning  Do not access Object.prototype method 'hasOwnProperty' from target object  no-prototype-builtins
   5766:21  warning  Do not access Object.prototype method 'hasOwnProperty' from target object  no-prototype-builtins
   5771:28  warning  Do not access Object.prototype method 'hasOwnProperty' from target object  no-prototype-builtins
   5772:35  warning  Do not access Object.prototype method 'hasOwnProperty' from target object  no-prototype-builtins
   5775:27  warning  Do not access Object.prototype method 'hasOwnProperty' from target object  no-prototype-builtins
   5789:30  warning  Do not access Object.prototype method 'hasOwnProperty' from target object  no-prototype-builtins
   5936:25  warning  Empty block statement                                                      no-empty
   5940:13  warning  Expected a 'break' statement before 'case'                                 no-fallthrough
   6259:35  warning  Do not access Object.prototype method 'hasOwnProperty' from target object  no-prototype-builtins
   6296:13  warning  Expected a 'break' statement before 'case'                                 no-fallthrough
   7282:35  warning  Empty block statement                                                      no-empty
   7424:31  warning  Empty block statement                                                      no-empty
   8300:12  warning  'Le' is a function                                                         no-func-assign
   8301:12  warning  'Ee' is a function                                                         no-func-assign
   8343:20  warning  '__REACT_DEVTOOLS_GLOBAL_HOOK__' is not defined                            no-undef
   8347:26  warning  Empty block statement                                                      no-empty
   8460:35  warning  '__REACT_DEVTOOLS_GLOBAL_HOOK__' is not defined                            no-undef
   8463:15  warning  '__REACT_DEVTOOLS_GLOBAL_HOOK__' is not defined                            no-undef
   8488:32  warning  Do not access Object.prototype method 'hasOwnProperty' from target object  no-prototype-builtins
   8565:34  warning  Do not access Object.prototype method 'hasOwnProperty' from target object  no-prototype-builtins
   8778:22  warning  Do not access Object.prototype method 'hasOwnProperty' from target object  no-prototype-builtins
   8965:53  warning  'setImmediate' is not defined                                              no-undef
   9228:20  warning  'e' is defined but never used                                              no-unused-vars
   9233:23  warning  'o' is defined but never used                                              no-unused-vars
   9344:12  warning  's' is a function                                                          no-func-assign
   9370:23  warning  Empty block statement                                                      no-empty
   9840:12  warning  'U' is a function                                                          no-func-assign
  10199:19  warning  'e' is defined but never used                                              no-unused-vars
  10203:19  warning  'e' is defined but never used                                              no-unused-vars
  10207:19  warning  'e' is defined but never used                                              no-unused-vars
  10208:28  warning  'e' is defined but never used                                              no-unused-vars
  10217:19  warning  'e' is defined but never used                                              no-unused-vars
  10314:12  warning  've' is a function                                                         no-func-assign
  10450:25  warning  Empty block statement                                                      no-empty
  11500:47  warning  Unnecessary escape character: \.                                           no-useless-escape
  11500:69  warning  Unnecessary escape character: \.                                           no-useless-escape
  11500:80  warning  Unnecessary escape character: \,                                           no-useless-escape
  11500:82  warning  Unnecessary escape character: \/                                           no-useless-escape
  11500:92  warning  Unnecessary escape character: \.                                           no-useless-escape
  11502:48  warning  Unnecessary escape character: \.                                           no-useless-escape
  11502:70  warning  Unnecessary escape character: \.                                           no-useless-escape
  11502:81  warning  Unnecessary escape character: \,                                           no-useless-escape
  11502:83  warning  Unnecessary escape character: \/                                           no-useless-escape
  11502:93  warning  Unnecessary escape character: \.                                           no-useless-escape
  11724:15  warning  'require' is not defined                                                   no-undef
  11726:20  warning  Empty block statement                                                      no-empty
  11938:51  warning  'i' is assigned a value but never used                                     no-unused-vars
  12641:19  warning  Do not access Object.prototype method 'hasOwnProperty' from target object  no-prototype-builtins
  13315:25  warning  'a' is assigned a value but never used                                     no-unused-vars
  13568:25  warning  't' is assigned a value but never used                                     no-unused-vars
  13569:26  warning  'n' is assigned a value but never used                                     no-unused-vars
  13570:34  warning  'a' is assigned a value but never used                                     no-unused-vars
  13571:36  warning  'r' is assigned a value but never used                                     no-unused-vars
  13572:37  warning  'i' is assigned a value but never used                                     no-unused-vars
  13573:27  warning  'o' is assigned a value but never used                                     no-unused-vars
  13574:31  warning  's' is assigned a value but never used                                     no-unused-vars
  13575:32  warning  'l' is assigned a value but never used                                     no-unused-vars
  13576:25  warning  'u' is assigned a value but never used                                     no-unused-vars
  13577:28  warning  'c' is assigned a value but never used                                     no-unused-vars
  13627:27  warning  Unnecessary escape character: \-                                           no-useless-escape
  13812:23  warning  'r' is assigned a value but never used                                     no-unused-vars
  13826:21  warning  Do not access Object.prototype method 'hasOwnProperty' from target object  no-prototype-builtins
  14004:33  warning  'e' is assigned a value but never used                                     no-unused-vars
  14051:21  warning  Do not access Object.prototype method 'hasOwnProperty' from target object  no-prototype-builtins
  15700:26  warning  Redundant Boolean call                                                     no-extra-boolean-cast
  16461:26  warning  Unexpected comma in middle of array                                        no-sparse-arrays
  16739:37  warning  'e' is defined but never used                                              no-unused-vars
  16739:40  warning  't' is defined but never used                                              no-unused-vars
  16804:25  warning  'o' is assigned a value but never used                                     no-unused-vars

✖ 421 problems (0 errors, 421 warnings)
  0 errors and 3 warnings potentially fixable with the `--fix` option.

